<?xml version="1.0" encoding="UTF-8"?>
<!-- Generated by org.testng.reporters.JUnitXMLReporter -->
<testsuite ignored="0" hostname="Krishnaprasad" failures="0" tests="2" name="Default test" time="26.552" errors="0" timestamp="2023-07-20T13:02:05 IST">
  <testcase classname="ui.vc.testcases.WeatherDataSearchPageTest" name="verifyCorrectPageforSearch" time="0.107"/>
  <testcase classname="ui.vc.testcases.WeatherDataSearchPageTest" name="valideateNavigationToHistoryPage" time="1.17"/>
</testsuite> <!-- Default test -->
