<?xml version="1.0" encoding="UTF-8"?>
<!-- Generated by org.testng.reporters.JUnitXMLReporter -->
<testsuite ignored="0" hostname="Krishnaprasad" failures="0" tests="8" name="Visual Crossing Test" time="56.875" errors="0" timestamp="2023-07-20T13:06:04 IST">
  <testcase classname="ui.vc.testcases.HomePageTest" name="validateHomePageTitle" time="0.032"/>
  <testcase classname="ui.vc.testcases.HomePageTest" name="weatherAPIClickTest" time="1.247"/>
  <testcase classname="ui.vc.testcases.WeatherDataSearchPageTest" name="verifyCorrectPageforSearch" time="0.073"/>
  <testcase classname="ui.vc.testcases.WeatherDataSearchPageTest" name="valideateNavigationToHistoryPage" time="1.732"/>
  <testcase classname="ui.vc.testcases.WeatherHistoryPageTest" name="verifyCorrectPageforHistory" time="0.104"/>
  <testcase classname="ui.vc.testcases.WeatherHistoryPageTest" name="validateMinMaxTempPrecip" time="0.848"/>
  <testcase classname="api.testcases.GetEndpointTest" name="testGetEndpoint" time="4.366"/>
  <testcase classname="api.testcases.GetEndpointTest" name="testGetEndpoint" time="1.637"/>
</testsuite> <!-- Visual Crossing Test -->
